<?xml version="1.0" encoding="UTF-8"?>
<testsuite xmlns:xsi="http://www.w3.org/2001/XMLSchema-instance" xsi:schemaLocation="https://maven.apache.org/surefire/maven-surefire-plugin/xsd/surefire-test-report.xsd" name="runner.Runner" time="549.394" tests="4" errors="2" skipped="0" failures="0">
  <properties>
[...]
</properties>
  <testcase name="Upload Prescription and Search medicine" classname="Medicine Flow 2" time="186.469"/>
  <testcase name="Upload prescription and get call on Netmedsd" classname="Medicine Flow 2" time="115.91">
    <error message="no such element: Unable to locate element: {&quot;method&quot;:&quot;xpath&quot;,&quot;selector&quot;:&quot;//*[@id=&apos;app&apos;]/main/app-m2/div[1]/div[1]/div[1]/div[1]/div[1]/div[2]/div/div/form/div[1]/ul/li[1]/label/input&quot;}&#10;  (Session info: chrome=115.0.5790.110)&#10;For documentation on this error, please visit: https://www.selenium.dev/documentation/webdriver/troubleshooting/errors#no-such-element-exception&#10;Build info: version: &apos;4.10.0&apos;, revision: &apos;c14d967899&apos;&#10;System info: os.name: &apos;Windows 10&apos;, os.arch: &apos;amd64&apos;, os.version: &apos;10.0&apos;, java.version: &apos;11.0.16.1&apos;&#10;Driver info: org.openqa.selenium.chrome.ChromeDriver&#10;Command: [82899a4fc23cec1efeceba2cbf52271d, findElement {using=xpath, value=//*[@id=&apos;app&apos;]/main/app-m2/div[1]/div[1]/div[1]/div[1]/div[1]/div[2]/div/div/form/div[1]/ul/li[1]/label/input}]&#10;Capabilities {acceptInsecureCerts: false, browserName: chrome, browserVersion: 115.0.5790.110, chrome: {chromedriverVersion: 114.0.5735.90 (386bc09e8f4f...}, goog:chromeOptions: {debuggerAddress: localhost:9988}, pageLoadStrategy: normal, platformName: any, proxy: Proxy(), se:cdp: ws://localhost:9988/devtool..., se:cdpVersion: 115.0.5790.110, setWindowRect: false, strictFileInteractability: false, timeouts: {implicit: 0, pageLoad: 300000, script: 30000}, unhandledPromptBehavior: dismiss and notify, webauthn:extension:credBlob: true, webauthn:extension:largeBlob: true, webauthn:extension:minPinLength: true, webauthn:extension:prf: true, webauthn:virtualAuthenticators: true}&#10;Session ID: 82899a4fc23cec1efeceba2cbf52271d" type="org.openqa.selenium.NoSuchElementException">org.openqa.selenium.NoSuchElementException: 
no such element: Unable to locate element: {"method":"xpath","selector":"//*[@id='app']/main/app-m2/div[1]/div[1]/div[1]/div[1]/div[1]/div[2]/div/div/form/div[1]/ul/li[1]/label/input"}
  (Session info: chrome=115.0.5790.110)
For documentation on this error, please visit: https://www.selenium.dev/documentation/webdriver/troubleshooting/errors#no-such-element-exception
Build info: version: '4.10.0', revision: 'c14d967899'
System info: os.name: 'Windows 10', os.arch: 'amd64', os.version: '10.0', java.version: '11.0.16.1'
Driver info: org.openqa.selenium.chrome.ChromeDriver
Command: [82899a4fc23cec1efeceba2cbf52271d, findElement {using=xpath, value=//*[@id='app']/main/app-m2/div[1]/div[1]/div[1]/div[1]/div[1]/div[2]/div/div/form/div[1]/ul/li[1]/label/input}]
Capabilities {acceptInsecureCerts: false, browserName: chrome, browserVersion: 115.0.5790.110, chrome: {chromedriverVersion: 114.0.5735.90 (386bc09e8f4f...}, goog:chromeOptions: {debuggerAddress: localhost:9988}, pageLoadStrategy: normal, platformName: any, proxy: Proxy(), se:cdp: ws://localhost:9988/devtool..., se:cdpVersion: 115.0.5790.110, setWindowRect: false, strictFileInteractability: false, timeouts: {implicit: 0, pageLoad: 300000, script: 30000}, unhandledPromptBehavior: dismiss and notify, webauthn:extension:credBlob: true, webauthn:extension:largeBlob: true, webauthn:extension:minPinLength: true, webauthn:extension:prf: true, webauthn:virtualAuthenticators: true}
Session ID: 82899a4fc23cec1efeceba2cbf52271d
</error>
    <system-out><![CDATA[
@tag @tag2
Scenario Outline: Upload prescription and get call on Netmedsd # src/test/resources/M2.feature:17
The Logged User was : Test Test
  Given Check the Browser was already logged in                # stepDefinition.MedicineFlow2.check_the_browser_was_already_logged_in()
There is no product in cart to clear
  And clear the cart                                           # stepDefinition.MedicineFlow2.clear_the_cart()
  When click on Upload and Upload Prescription                 # stepDefinition.MedicineFlow2.click_on_upload_and_upload_prescription()
      org.openqa.selenium.NoSuchElementException: no such element: Unable to locate element: {"method":"xpath","selector":"//*[@id='app']/main/app-m2/div[1]/div[1]/div[1]/div[1]/div[1]/div[2]/div/div/form/div[1]/ul/li[1]/label/input"}
  (Session info: chrome=115.0.5790.110)
For documentation on this error, please visit: https://www.selenium.dev/documentation/webdriver/troubleshooting/errors#no-such-element-exception
Build info: version: '4.10.0', revision: 'c14d967899'
System info: os.name: 'Windows 10', os.arch: 'amd64', os.version: '10.0', java.version: '11.0.16.1'
Driver info: org.openqa.selenium.chrome.ChromeDriver
Command: [82899a4fc23cec1efeceba2cbf52271d, findElement {using=xpath, value=//*[@id='app']/main/app-m2/div[1]/div[1]/div[1]/div[1]/div[1]/div[2]/div/div/form/div[1]/ul/li[1]/label/input}]
Capabilities {acceptInsecureCerts: false, browserName: chrome, browserVersion: 115.0.5790.110, chrome: {chromedriverVersion: 114.0.5735.90 (386bc09e8f4f...}, goog:chromeOptions: {debuggerAddress: localhost:9988}, pageLoadStrategy: normal, platformName: any, proxy: Proxy(), se:cdp: ws://localhost:9988/devtool..., se:cdpVersion: 115.0.5790.110, setWindowRect: false, strictFileInteractability: false, timeouts: {implicit: 0, pageLoad: 300000, script: 30000}, unhandledPromptBehavior: dismiss and notify, webauthn:extension:credBlob: true, webauthn:extension:largeBlob: true, webauthn:extension:minPinLength: true, webauthn:extension:prf: true, webauthn:virtualAuthenticators: true}
Session ID: 82899a4fc23cec1efeceba2cbf52271d
	at java.base/jdk.internal.reflect.NativeConstructorAccessorImpl.newInstance0(Native Method)
	at java.base/jdk.internal.reflect.NativeConstructorAccessorImpl.newInstance(NativeConstructorAccessorImpl.java:62)
	at java.base/jdk.internal.reflect.DelegatingConstructorAccessorImpl.newInstance(DelegatingConstructorAccessorImpl.java:45)
	at java.base/java.lang.reflect.Constructor.newInstance(Constructor.java:490)
	at org.openqa.selenium.remote.codec.w3c.W3CHttpResponseCodec.createException(W3CHttpResponseCodec.java:199)
	at org.openqa.selenium.remote.codec.w3c.W3CHttpResponseCodec.decode(W3CHttpResponseCodec.java:132)
	at org.openqa.selenium.remote.codec.w3c.W3CHttpResponseCodec.decode(W3CHttpResponseCodec.java:51)
	at org.openqa.selenium.remote.HttpCommandExecutor.execute(HttpCommandExecutor.java:191)
	at org.openqa.selenium.remote.service.DriverCommandExecutor.invokeExecute(DriverCommandExecutor.java:196)
	at org.openqa.selenium.remote.service.DriverCommandExecutor.execute(DriverCommandExecutor.java:171)
	at org.openqa.selenium.remote.RemoteWebDriver.execute(RemoteWebDriver.java:531)
	at org.openqa.selenium.remote.ElementLocation$ElementFinder$2.findElement(ElementLocation.java:165)
	at org.openqa.selenium.remote.ElementLocation.findElement(ElementLocation.java:59)
	at org.openqa.selenium.remote.RemoteWebDriver.findElement(RemoteWebDriver.java:350)
	at org.openqa.selenium.remote.RemoteWebDriver.findElement(RemoteWebDriver.java:344)
	at org.openqa.selenium.support.pagefactory.DefaultElementLocator.findElement(DefaultElementLocator.java:68)
	at org.openqa.selenium.support.pagefactory.internal.LocatingElementHandler.invoke(LocatingElementHandler.java:38)
	at com.sun.proxy.$Proxy22.sendKeys(Unknown Source)
	at stepDefinition.MedicineFlow2.click_on_upload_and_upload_prescription(MedicineFlow2.java:115)
	at âœ½.click on Upload and Upload Prescription(file:///C:/Users/Netmeds/eclipse-workspace/Monitor/src/test/resources/M2.feature:20)

  And Click on Get call from Netmeds and continue              # stepDefinition.MedicineFlow2.click_on_get_call_from_netmeds_and_continue()
  Then Click on confirm and Place the Order                    # stepDefinition.MedicineFlow2.click_on_confirm_and_place_the_order()
  And Track the order and cancel the order                     # stepDefinition.MedicineFlow2.track_the_order_and_cancel_the_order()

    Embedding Monitor_ss [image/png 670243 bytes]

2
1
After scenario executed successfully
]]></system-out>
    <system-err><![CDATA[Jul 27, 2023 3:04:24 PM org.openqa.selenium.remote.service.DriverService$Builder getLogOutput
INFO: Driver logs no longer sent to console by default; https://www.selenium.dev/documentation/webdriver/drivers/service/#setting-log-output
Jul 27, 2023 3:04:25 PM org.openqa.selenium.devtools.CdpVersionFinder findNearestMatch
WARNING: Unable to find an exact match for CDP version 115, so returning the closest version found: 114
The Already logged browser was opened successfuly 
FAILED
0c7556a1-03bd-4bf6-9de3-fdf9b698157a
Upload prescription and get call on Netmedsd
class io.cucumber.java.Scenario
1
]]></system-err>
  </testcase>
  <testcase name="Saved Prescription and Search medicine" classname="Medicine Flow 2" time="142.414"/>
  <testcase name="Saved prescription and Get call from netmeds" classname="Medicine Flow 2" time="96.723">
    <error message="no such element: Unable to locate element: {&quot;method&quot;:&quot;xpath&quot;,&quot;selector&quot;:&quot;//button[contains(text(),&apos;Track Order&apos;)]&quot;}&#10;  (Session info: chrome=115.0.5790.110)&#10;For documentation on this error, please visit: https://www.selenium.dev/documentation/webdriver/troubleshooting/errors#no-such-element-exception&#10;Build info: version: &apos;4.10.0&apos;, revision: &apos;c14d967899&apos;&#10;System info: os.name: &apos;Windows 10&apos;, os.arch: &apos;amd64&apos;, os.version: &apos;10.0&apos;, java.version: &apos;11.0.16.1&apos;&#10;Driver info: org.openqa.selenium.chrome.ChromeDriver&#10;Command: [7056a0cfa68bdf48849614240a9e99a6, findElement {using=xpath, value=//button[contains(text(),&apos;Track Order&apos;)]}]&#10;Capabilities {acceptInsecureCerts: false, browserName: chrome, browserVersion: 115.0.5790.110, chrome: {chromedriverVersion: 114.0.5735.90 (386bc09e8f4f...}, goog:chromeOptions: {debuggerAddress: localhost:9988}, pageLoadStrategy: normal, platformName: any, proxy: Proxy(), se:cdp: ws://localhost:9988/devtool..., se:cdpVersion: 115.0.5790.110, setWindowRect: false, strictFileInteractability: false, timeouts: {implicit: 0, pageLoad: 300000, script: 30000}, unhandledPromptBehavior: dismiss and notify, webauthn:extension:credBlob: true, webauthn:extension:largeBlob: true, webauthn:extension:minPinLength: true, webauthn:extension:prf: true, webauthn:virtualAuthenticators: true}&#10;Session ID: 7056a0cfa68bdf48849614240a9e99a6" type="org.openqa.selenium.NoSuchElementException">org.openqa.selenium.NoSuchElementException: 
no such element: Unable to locate element: {"method":"xpath","selector":"//button[contains(text(),'Track Order')]"}
  (Session info: chrome=115.0.5790.110)
For documentation on this error, please visit: https://www.selenium.dev/documentation/webdriver/troubleshooting/errors#no-such-element-exception
Build info: version: '4.10.0', revision: 'c14d967899'
System info: os.name: 'Windows 10', os.arch: 'amd64', os.version: '10.0', java.version: '11.0.16.1'
Driver info: org.openqa.selenium.chrome.ChromeDriver
Command: [7056a0cfa68bdf48849614240a9e99a6, findElement {using=xpath, value=//button[contains(text(),'Track Order')]}]
Capabilities {acceptInsecureCerts: false, browserName: chrome, browserVersion: 115.0.5790.110, chrome: {chromedriverVersion: 114.0.5735.90 (386bc09e8f4f...}, goog:chromeOptions: {debuggerAddress: localhost:9988}, pageLoadStrategy: normal, platformName: any, proxy: Proxy(), se:cdp: ws://localhost:9988/devtool..., se:cdpVersion: 115.0.5790.110, setWindowRect: false, strictFileInteractability: false, timeouts: {implicit: 0, pageLoad: 300000, script: 30000}, unhandledPromptBehavior: dismiss and notify, webauthn:extension:credBlob: true, webauthn:extension:largeBlob: true, webauthn:extension:minPinLength: true, webauthn:extension:prf: true, webauthn:virtualAuthenticators: true}
Session ID: 7056a0cfa68bdf48849614240a9e99a6
</error>
    <system-out><![CDATA[
@tag @tag4
Scenario Outline: Saved prescription and Get call from netmeds # src/test/resources/M2.feature:34
The Logged User was : Test Test
  Given Check the Browser was already logged in                # stepDefinition.MedicineFlow2.check_the_browser_was_already_logged_in()
  When click on Upload and Saved Prescription                  # stepDefinition.MedicineFlow2.click_on_upload_and_saved_prescription()
  And Click on Get call from Netmeds and continue              # stepDefinition.MedicineFlow2.click_on_get_call_from_netmeds_and_continue()
  Then Click on confirm and Place the Order                    # stepDefinition.MedicineFlow2.click_on_confirm_and_place_the_order()
  And Track the order and cancel the order                     # stepDefinition.MedicineFlow2.track_the_order_and_cancel_the_order()
      org.openqa.selenium.NoSuchElementException: no such element: Unable to locate element: {"method":"xpath","selector":"//button[contains(text(),'Track Order')]"}
  (Session info: chrome=115.0.5790.110)
For documentation on this error, please visit: https://www.selenium.dev/documentation/webdriver/troubleshooting/errors#no-such-element-exception
Build info: version: '4.10.0', revision: 'c14d967899'
System info: os.name: 'Windows 10', os.arch: 'amd64', os.version: '10.0', java.version: '11.0.16.1'
Driver info: org.openqa.selenium.chrome.ChromeDriver
Command: [7056a0cfa68bdf48849614240a9e99a6, findElement {using=xpath, value=//button[contains(text(),'Track Order')]}]
Capabilities {acceptInsecureCerts: false, browserName: chrome, browserVersion: 115.0.5790.110, chrome: {chromedriverVersion: 114.0.5735.90 (386bc09e8f4f...}, goog:chromeOptions: {debuggerAddress: localhost:9988}, pageLoadStrategy: normal, platformName: any, proxy: Proxy(), se:cdp: ws://localhost:9988/devtool..., se:cdpVersion: 115.0.5790.110, setWindowRect: false, strictFileInteractability: false, timeouts: {implicit: 0, pageLoad: 300000, script: 30000}, unhandledPromptBehavior: dismiss and notify, webauthn:extension:credBlob: true, webauthn:extension:largeBlob: true, webauthn:extension:minPinLength: true, webauthn:extension:prf: true, webauthn:virtualAuthenticators: true}
Session ID: 7056a0cfa68bdf48849614240a9e99a6
	at java.base/jdk.internal.reflect.NativeConstructorAccessorImpl.newInstance0(Native Method)
	at java.base/jdk.internal.reflect.NativeConstructorAccessorImpl.newInstance(NativeConstructorAccessorImpl.java:62)
	at java.base/jdk.internal.reflect.DelegatingConstructorAccessorImpl.newInstance(DelegatingConstructorAccessorImpl.java:45)
	at java.base/java.lang.reflect.Constructor.newInstance(Constructor.java:490)
	at org.openqa.selenium.remote.codec.w3c.W3CHttpResponseCodec.createException(W3CHttpResponseCodec.java:199)
	at org.openqa.selenium.remote.codec.w3c.W3CHttpResponseCodec.decode(W3CHttpResponseCodec.java:132)
	at org.openqa.selenium.remote.codec.w3c.W3CHttpResponseCodec.decode(W3CHttpResponseCodec.java:51)
	at org.openqa.selenium.remote.HttpCommandExecutor.execute(HttpCommandExecutor.java:191)
	at org.openqa.selenium.remote.service.DriverCommandExecutor.invokeExecute(DriverCommandExecutor.java:196)
	at org.openqa.selenium.remote.service.DriverCommandExecutor.execute(DriverCommandExecutor.java:171)
	at org.openqa.selenium.remote.RemoteWebDriver.execute(RemoteWebDriver.java:531)
	at org.openqa.selenium.remote.ElementLocation$ElementFinder$2.findElement(ElementLocation.java:165)
	at org.openqa.selenium.remote.ElementLocation.findElement(ElementLocation.java:59)
	at org.openqa.selenium.remote.RemoteWebDriver.findElement(RemoteWebDriver.java:350)
	at org.openqa.selenium.remote.RemoteWebDriver.findElement(RemoteWebDriver.java:344)
	at org.openqa.selenium.support.pagefactory.DefaultElementLocator.findElement(DefaultElementLocator.java:68)
	at org.openqa.selenium.support.pagefactory.internal.LocatingElementHandler.invoke(LocatingElementHandler.java:38)
	at com.sun.proxy.$Proxy22.click(Unknown Source)
	at stepDefinition.MedicineFlow2.track_the_order_and_cancel_the_order(MedicineFlow2.java:192)
	at âœ½.Track the order and cancel the order(file:///C:/Users/Netmeds/eclipse-workspace/Monitor/src/test/resources/M2.feature:39)


    Embedding Monitor_ss [image/png 117524 bytes]

2
1
After scenario executed successfully
]]></system-out>
    <system-err><![CDATA[Jul 27, 2023 3:08:42 PM org.openqa.selenium.remote.service.DriverService$Builder getLogOutput
INFO: Driver logs no longer sent to console by default; https://www.selenium.dev/documentation/webdriver/drivers/service/#setting-log-output
Jul 27, 2023 3:08:44 PM org.openqa.selenium.devtools.CdpVersionFinder findNearestMatch
WARNING: Unable to find an exact match for CDP version 115, so returning the closest version found: 114
The Already logged browser was opened successfuly 
FAILED
f6fa1e17-c41e-4418-aac0-1e11ceb446ca
Saved prescription and Get call from netmeds
class io.cucumber.java.Scenario
1
]]></system-err>
  </testcase>
</testsuite>