<?xml version="1.0" encoding="UTF-8"?>
<testsuite xmlns:xsi="http://www.w3.org/2001/XMLSchema-instance" xsi:schemaLocation="https://maven.apache.org/surefire/maven-surefire-plugin/xsd/surefire-test-report.xsd" name="runner.Runner" time="144.216" tests="1" errors="1" skipped="0" failures="0">
  <properties>
[...]
</properties>
  <testcase name="Search the any of the Product and add into the Cart and Place the Order" classname="Medicine flow to check and place the order" time="138.291">
    <error message="element click intercepted: Element &lt;div class=&quot;text&quot;&gt;...&lt;/div&gt; is not clickable at point (1132, 44). Other element would receive the click: &lt;iframe title=&quot;notification-frame-22a357429&quot; name=&quot;notification-frame-22a357429&quot; id=&quot;webklipper-publisher-widget-container-notification-frame&quot; frameborder=&quot;0&quot; marginheight=&quot;0&quot; marginwidth=&quot;0&quot; style=&quot;display: block; position: fixed; z-index: 16776272; left: -1000px; top: -1000px; width: 100%; visibility: visible; overflow: visible; height: 61.5185px; transform: translate(1000px, 1000px);&quot; data-notification-layout-id=&quot;~fg00aad&quot; data-notification-layout-name=&quot;undefined&quot; cd_frame_id_=&quot;0390690fcc67e6fa2171a2407fa4d849&quot;&gt;&lt;/iframe&gt;&#10;  (Session info: chrome=114.0.5735.199)&#10;Build info: version: &apos;4.10.0&apos;, revision: &apos;c14d967899&apos;&#10;System info: os.name: &apos;Windows 10&apos;, os.arch: &apos;amd64&apos;, os.version: &apos;10.0&apos;, java.version: &apos;11.0.16.1&apos;&#10;Driver info: org.openqa.selenium.chrome.ChromeDriver&#10;Command: [4b55d0ccff08965de654a72c8d893275, clickElement {id=C6A1ADEAFA7C93D63448360157451900_element_1863}]&#10;Capabilities {acceptInsecureCerts: false, browserName: chrome, browserVersion: 114.0.5735.199, chrome: {chromedriverVersion: 114.0.5735.90 (386bc09e8f4f...}, goog:chromeOptions: {debuggerAddress: localhost:9988}, pageLoadStrategy: normal, platformName: any, proxy: Proxy(), se:cdp: ws://localhost:9988/devtool..., se:cdpVersion: 114.0.5735.199, setWindowRect: false, strictFileInteractability: false, timeouts: {implicit: 0, pageLoad: 300000, script: 30000}, unhandledPromptBehavior: dismiss and notify, webauthn:extension:credBlob: true, webauthn:extension:largeBlob: true, webauthn:extension:minPinLength: true, webauthn:extension:prf: true, webauthn:virtualAuthenticators: true}&#10;Element: [[ChromeDriver: chrome on any (4b55d0ccff08965de654a72c8d893275)] -&gt; xpath: //div[@class=&apos;text&apos;]]&#10;Session ID: 4b55d0ccff08965de654a72c8d893275" type="org.openqa.selenium.ElementClickInterceptedException"><![CDATA[org.openqa.selenium.ElementClickInterceptedException: 
element click intercepted: Element <div class="text">...</div> is not clickable at point (1132, 44). Other element would receive the click: <iframe title="notification-frame-22a357429" name="notification-frame-22a357429" id="webklipper-publisher-widget-container-notification-frame" frameborder="0" marginheight="0" marginwidth="0" style="display: block; position: fixed; z-index: 16776272; left: -1000px; top: -1000px; width: 100%; visibility: visible; overflow: visible; height: 61.5185px; transform: translate(1000px, 1000px);" data-notification-layout-id="~fg00aad" data-notification-layout-name="undefined" cd_frame_id_="0390690fcc67e6fa2171a2407fa4d849"></iframe>
  (Session info: chrome=114.0.5735.199)
Build info: version: '4.10.0', revision: 'c14d967899'
System info: os.name: 'Windows 10', os.arch: 'amd64', os.version: '10.0', java.version: '11.0.16.1'
Driver info: org.openqa.selenium.chrome.ChromeDriver
Command: [4b55d0ccff08965de654a72c8d893275, clickElement {id=C6A1ADEAFA7C93D63448360157451900_element_1863}]
Capabilities {acceptInsecureCerts: false, browserName: chrome, browserVersion: 114.0.5735.199, chrome: {chromedriverVersion: 114.0.5735.90 (386bc09e8f4f...}, goog:chromeOptions: {debuggerAddress: localhost:9988}, pageLoadStrategy: normal, platformName: any, proxy: Proxy(), se:cdp: ws://localhost:9988/devtool..., se:cdpVersion: 114.0.5735.199, setWindowRect: false, strictFileInteractability: false, timeouts: {implicit: 0, pageLoad: 300000, script: 30000}, unhandledPromptBehavior: dismiss and notify, webauthn:extension:credBlob: true, webauthn:extension:largeBlob: true, webauthn:extension:minPinLength: true, webauthn:extension:prf: true, webauthn:virtualAuthenticators: true}
Element: [[ChromeDriver: chrome on any (4b55d0ccff08965de654a72c8d893275)] -> xpath: //div[@class='text']]
Session ID: 4b55d0ccff08965de654a72c8d893275
]]></error>
    <system-out><![CDATA[
@tag @tag1
Scenario: Search the any of the Product and add into the Cart and Place the Order # src/test/resources/M1.feature:8
The Logged User was : Test Test
  Given Check Already Logged in Browser was Opened                                # stepDefinition.MedicineFlow1.check_already_logged_in_browser_was_opened()
  When Clear the Cart and  Search the Product                                     # stepDefinition.MedicineFlow1.clear_the_cart_and_search_the_product()
  And click on Add to the cart and add the product                                # stepDefinition.MedicineFlow1.click_on_add_to_the_cart_and_add_the_product()
  And Click on cart page proceed the Product to Order Page                        # stepDefinition.MedicineFlow1.click_on_cart_page_proceed_the_product_to_order_page()
      org.openqa.selenium.ElementClickInterceptedException: element click intercepted: Element <div class="text">...</div> is not clickable at point (1132, 44). Other element would receive the click: <iframe title="notification-frame-22a357429" name="notification-frame-22a357429" id="webklipper-publisher-widget-container-notification-frame" frameborder="0" marginheight="0" marginwidth="0" style="display: block; position: fixed; z-index: 16776272; left: -1000px; top: -1000px; width: 100%; visibility: visible; overflow: visible; height: 61.5185px; transform: translate(1000px, 1000px);" data-notification-layout-id="~fg00aad" data-notification-layout-name="undefined" cd_frame_id_="0390690fcc67e6fa2171a2407fa4d849"></iframe>
  (Session info: chrome=114.0.5735.199)
Build info: version: '4.10.0', revision: 'c14d967899'
System info: os.name: 'Windows 10', os.arch: 'amd64', os.version: '10.0', java.version: '11.0.16.1'
Driver info: org.openqa.selenium.chrome.ChromeDriver
Command: [4b55d0ccff08965de654a72c8d893275, clickElement {id=C6A1ADEAFA7C93D63448360157451900_element_1863}]
Capabilities {acceptInsecureCerts: false, browserName: chrome, browserVersion: 114.0.5735.199, chrome: {chromedriverVersion: 114.0.5735.90 (386bc09e8f4f...}, goog:chromeOptions: {debuggerAddress: localhost:9988}, pageLoadStrategy: normal, platformName: any, proxy: Proxy(), se:cdp: ws://localhost:9988/devtool..., se:cdpVersion: 114.0.5735.199, setWindowRect: false, strictFileInteractability: false, timeouts: {implicit: 0, pageLoad: 300000, script: 30000}, unhandledPromptBehavior: dismiss and notify, webauthn:extension:credBlob: true, webauthn:extension:largeBlob: true, webauthn:extension:minPinLength: true, webauthn:extension:prf: true, webauthn:virtualAuthenticators: true}
Element: [[ChromeDriver: chrome on any (4b55d0ccff08965de654a72c8d893275)] -> xpath: //div[@class='text']]
Session ID: 4b55d0ccff08965de654a72c8d893275
	at java.base/jdk.internal.reflect.NativeConstructorAccessorImpl.newInstance0(Native Method)
	at java.base/jdk.internal.reflect.NativeConstructorAccessorImpl.newInstance(NativeConstructorAccessorImpl.java:62)
	at java.base/jdk.internal.reflect.DelegatingConstructorAccessorImpl.newInstance(DelegatingConstructorAccessorImpl.java:45)
	at java.base/java.lang.reflect.Constructor.newInstance(Constructor.java:490)
	at org.openqa.selenium.remote.codec.w3c.W3CHttpResponseCodec.createException(W3CHttpResponseCodec.java:199)
	at org.openqa.selenium.remote.codec.w3c.W3CHttpResponseCodec.decode(W3CHttpResponseCodec.java:132)
	at org.openqa.selenium.remote.codec.w3c.W3CHttpResponseCodec.decode(W3CHttpResponseCodec.java:51)
	at org.openqa.selenium.remote.HttpCommandExecutor.execute(HttpCommandExecutor.java:191)
	at org.openqa.selenium.remote.service.DriverCommandExecutor.invokeExecute(DriverCommandExecutor.java:196)
	at org.openqa.selenium.remote.service.DriverCommandExecutor.execute(DriverCommandExecutor.java:171)
	at org.openqa.selenium.remote.RemoteWebDriver.execute(RemoteWebDriver.java:531)
	at org.openqa.selenium.remote.RemoteWebElement.execute(RemoteWebElement.java:242)
	at org.openqa.selenium.remote.RemoteWebElement.click(RemoteWebElement.java:77)
	at java.base/jdk.internal.reflect.NativeMethodAccessorImpl.invoke0(Native Method)
	at java.base/jdk.internal.reflect.NativeMethodAccessorImpl.invoke(NativeMethodAccessorImpl.java:62)
	at java.base/jdk.internal.reflect.DelegatingMethodAccessorImpl.invoke(DelegatingMethodAccessorImpl.java:43)
	at java.base/java.lang.reflect.Method.invoke(Method.java:566)
	at org.openqa.selenium.support.pagefactory.internal.LocatingElementHandler.invoke(LocatingElementHandler.java:51)
	at com.sun.proxy.$Proxy22.click(Unknown Source)
	at stepDefinition.MedicineFlow1.click_on_cart_page_proceed_the_product_to_order_page(MedicineFlow1.java:149)
	at âœ½.Click on cart page proceed the Product to Order Page(file:///C:/Users/Netmeds/eclipse-workspace/Monitor/src/test/resources/M1.feature:12)

  Then From Order page choose delivery adress and click on Pay                    # stepDefinition.MedicineFlow1.from_order_page_choose_delivery_adress_and_click_on_pay()
  And check Payment page was landed                                               # stepDefinition.MedicineFlow1.check_payment_page_was_landed()
  And Verify the payment status of the order                                      # stepDefinition.MedicineFlow1.verify_the_payment_status_of_the_order()

    Embedding Search the any of the Product and add into the Cart and Place the Order [image/png 298304 bytes]

2
2
After scenario executed successfully
]]></system-out>
    <system-err><![CDATA[Jul 18, 2023 5:01:13 PM org.openqa.selenium.remote.service.DriverService$Builder getLogOutput
INFO: Driver logs no longer sent to console by default; https://www.selenium.dev/documentation/webdriver/drivers/service/#setting-log-output
The Already logged browser was opened successfuly 
FAILED
2a6669e7-b1e0-4996-bf82-38c0d3ba8371
Search the any of the Product and add into the Cart and Place the Order
class io.cucumber.java.Scenario
1
]]></system-err>
  </testcase>
</testsuite>