<?xml version="1.0" encoding="UTF-8"?>
<testsuite xmlns:xsi="http://www.w3.org/2001/XMLSchema-instance" xsi:schemaLocation="https://maven.apache.org/surefire/maven-surefire-plugin/xsd/surefire-test-report.xsd" name="runner.Runner" time="182.15" tests="1" errors="1" skipped="0" failures="0">
  <properties>
[...]
</properties>
  <testcase name="Search the any of the Product and add into the Cart and Place the Order" classname="Medicine flow to check and place the order" time="175.666">
    <error message="no such element: Unable to locate element: {&quot;method&quot;:&quot;xpath&quot;,&quot;selector&quot;:&quot;(//input[@id=&apos;externaldoctr&apos;])[2]&quot;}&#10;  (Session info: chrome=114.0.5735.199)&#10;For documentation on this error, please visit: https://www.selenium.dev/documentation/webdriver/troubleshooting/errors#no-such-element-exception&#10;Build info: version: &apos;4.10.0&apos;, revision: &apos;c14d967899&apos;&#10;System info: os.name: &apos;Windows 10&apos;, os.arch: &apos;amd64&apos;, os.version: &apos;10.0&apos;, java.version: &apos;11.0.16.1&apos;&#10;Driver info: org.openqa.selenium.chrome.ChromeDriver&#10;Command: [2d9ba0b81fb12c19f2e292c6c6e72ca6, findElement {using=xpath, value=(//input[@id=&apos;externaldoctr&apos;])[2]}]&#10;Capabilities {acceptInsecureCerts: false, browserName: chrome, browserVersion: 114.0.5735.199, chrome: {chromedriverVersion: 114.0.5735.90 (386bc09e8f4f...}, goog:chromeOptions: {debuggerAddress: localhost:9988}, pageLoadStrategy: normal, platformName: any, proxy: Proxy(), se:cdp: ws://localhost:9988/devtool..., se:cdpVersion: 114.0.5735.199, setWindowRect: false, strictFileInteractability: false, timeouts: {implicit: 0, pageLoad: 300000, script: 30000}, unhandledPromptBehavior: dismiss and notify, webauthn:extension:credBlob: true, webauthn:extension:largeBlob: true, webauthn:extension:minPinLength: true, webauthn:extension:prf: true, webauthn:virtualAuthenticators: true}&#10;Session ID: 2d9ba0b81fb12c19f2e292c6c6e72ca6" type="org.openqa.selenium.NoSuchElementException">org.openqa.selenium.NoSuchElementException: 
no such element: Unable to locate element: {"method":"xpath","selector":"(//input[@id='externaldoctr'])[2]"}
  (Session info: chrome=114.0.5735.199)
For documentation on this error, please visit: https://www.selenium.dev/documentation/webdriver/troubleshooting/errors#no-such-element-exception
Build info: version: '4.10.0', revision: 'c14d967899'
System info: os.name: 'Windows 10', os.arch: 'amd64', os.version: '10.0', java.version: '11.0.16.1'
Driver info: org.openqa.selenium.chrome.ChromeDriver
Command: [2d9ba0b81fb12c19f2e292c6c6e72ca6, findElement {using=xpath, value=(//input[@id='externaldoctr'])[2]}]
Capabilities {acceptInsecureCerts: false, browserName: chrome, browserVersion: 114.0.5735.199, chrome: {chromedriverVersion: 114.0.5735.90 (386bc09e8f4f...}, goog:chromeOptions: {debuggerAddress: localhost:9988}, pageLoadStrategy: normal, platformName: any, proxy: Proxy(), se:cdp: ws://localhost:9988/devtool..., se:cdpVersion: 114.0.5735.199, setWindowRect: false, strictFileInteractability: false, timeouts: {implicit: 0, pageLoad: 300000, script: 30000}, unhandledPromptBehavior: dismiss and notify, webauthn:extension:credBlob: true, webauthn:extension:largeBlob: true, webauthn:extension:minPinLength: true, webauthn:extension:prf: true, webauthn:virtualAuthenticators: true}
Session ID: 2d9ba0b81fb12c19f2e292c6c6e72ca6
</error>
    <system-out><![CDATA[
@tag @tag1
Scenario: Search the any of the Product and add into the Cart and Place the Order # src/test/resources/M1.feature:8
The Logged User was : Test Test
  Given Check Already Logged in Browser was Opened                                # stepDefinition.MedicineFlow1.check_already_logged_in_browser_was_opened()
  When Clear the Cart and  Search the Product                                     # stepDefinition.MedicineFlow1.clear_the_cart_and_search_the_product()
  And click on Add to the cart and add the product                                # stepDefinition.MedicineFlow1.click_on_add_to_the_cart_and_add_the_product()
  And Click on cart page proceed the Product to Order Page                        # stepDefinition.MedicineFlow1.click_on_cart_page_proceed_the_product_to_order_page()
      org.openqa.selenium.NoSuchElementException: no such element: Unable to locate element: {"method":"xpath","selector":"(//input[@id='externaldoctr'])[2]"}
  (Session info: chrome=114.0.5735.199)
For documentation on this error, please visit: https://www.selenium.dev/documentation/webdriver/troubleshooting/errors#no-such-element-exception
Build info: version: '4.10.0', revision: 'c14d967899'
System info: os.name: 'Windows 10', os.arch: 'amd64', os.version: '10.0', java.version: '11.0.16.1'
Driver info: org.openqa.selenium.chrome.ChromeDriver
Command: [2d9ba0b81fb12c19f2e292c6c6e72ca6, findElement {using=xpath, value=(//input[@id='externaldoctr'])[2]}]
Capabilities {acceptInsecureCerts: false, browserName: chrome, browserVersion: 114.0.5735.199, chrome: {chromedriverVersion: 114.0.5735.90 (386bc09e8f4f...}, goog:chromeOptions: {debuggerAddress: localhost:9988}, pageLoadStrategy: normal, platformName: any, proxy: Proxy(), se:cdp: ws://localhost:9988/devtool..., se:cdpVersion: 114.0.5735.199, setWindowRect: false, strictFileInteractability: false, timeouts: {implicit: 0, pageLoad: 300000, script: 30000}, unhandledPromptBehavior: dismiss and notify, webauthn:extension:credBlob: true, webauthn:extension:largeBlob: true, webauthn:extension:minPinLength: true, webauthn:extension:prf: true, webauthn:virtualAuthenticators: true}
Session ID: 2d9ba0b81fb12c19f2e292c6c6e72ca6
	at java.base/jdk.internal.reflect.NativeConstructorAccessorImpl.newInstance0(Native Method)
	at java.base/jdk.internal.reflect.NativeConstructorAccessorImpl.newInstance(NativeConstructorAccessorImpl.java:62)
	at java.base/jdk.internal.reflect.DelegatingConstructorAccessorImpl.newInstance(DelegatingConstructorAccessorImpl.java:45)
	at java.base/java.lang.reflect.Constructor.newInstance(Constructor.java:490)
	at org.openqa.selenium.remote.codec.w3c.W3CHttpResponseCodec.createException(W3CHttpResponseCodec.java:199)
	at org.openqa.selenium.remote.codec.w3c.W3CHttpResponseCodec.decode(W3CHttpResponseCodec.java:132)
	at org.openqa.selenium.remote.codec.w3c.W3CHttpResponseCodec.decode(W3CHttpResponseCodec.java:51)
	at org.openqa.selenium.remote.HttpCommandExecutor.execute(HttpCommandExecutor.java:191)
	at org.openqa.selenium.remote.service.DriverCommandExecutor.invokeExecute(DriverCommandExecutor.java:196)
	at org.openqa.selenium.remote.service.DriverCommandExecutor.execute(DriverCommandExecutor.java:171)
	at org.openqa.selenium.remote.RemoteWebDriver.execute(RemoteWebDriver.java:531)
	at org.openqa.selenium.remote.ElementLocation$ElementFinder$2.findElement(ElementLocation.java:165)
	at org.openqa.selenium.remote.ElementLocation.findElement(ElementLocation.java:59)
	at org.openqa.selenium.remote.RemoteWebDriver.findElement(RemoteWebDriver.java:350)
	at org.openqa.selenium.remote.RemoteWebDriver.findElement(RemoteWebDriver.java:344)
	at stepDefinition.MedicineFlow1.click_on_cart_page_proceed_the_product_to_order_page(MedicineFlow1.java:164)
	at âœ½.Click on cart page proceed the Product to Order Page(file:///C:/Users/Netmeds/eclipse-workspace/Monitor/src/test/resources/M1.feature:12)

  Then From Order page choose delivery adress and click on Pay                    # stepDefinition.MedicineFlow1.from_order_page_choose_delivery_adress_and_click_on_pay()
  And check Payment page was landed                                               # stepDefinition.MedicineFlow1.check_payment_page_was_landed()
  And Verify the payment status of the order                                      # stepDefinition.MedicineFlow1.verify_the_payment_status_of_the_order()
ScreenShot Taken

    Embedding Search the any of the Product and add into the Cart and Place the Order [image/png 154816 bytes]

2
2
After scenario executed successfully
]]></system-out>
    <system-err><![CDATA[Jul 11, 2023 3:03:09 PM org.openqa.selenium.remote.service.DriverService$Builder getLogOutput
INFO: Driver logs no longer sent to console by default; https://www.selenium.dev/documentation/webdriver/drivers/service/#setting-log-output
The Already logged browser was opened successfuly 
FAILED
b9d90df8-09f0-4645-bd14-b0139fe1e723
Search the any of the Product and add into the Cart and Place the Order
class io.cucumber.java.Scenario
2
]]></system-err>
  </testcase>
</testsuite>