<?xml version="1.0" encoding="UTF-8"?>
<testsuite name="Cucumber" time="702.42" tests="4" skipped="0" failures="1" errors="0">
<testcase classname="Medicine Flow 2" name="Upload Prescription and Search medicine" time="185.925">
<system-out><![CDATA[
Given Check the Browser was already logged in...............................passed
And clear the cart..........................................................passed
When click on Upload and Upload Prescription................................passed
And Click on search Medicine,search and Add medicine........................passed
Then Click on proceed and place the order...................................passed
And Track the order and cancel the order....................................passed
]]></system-out>
</testcase>
<testcase classname="Medicine Flow 2" name="Upload prescription and get call on Netmedsd" time="151.84">
<failure type="org.openqa.selenium.ElementClickInterceptedException" message="element click intercepted: Element &lt;button _ngcontent-wff-c7=&quot;&quot; class=&quot;btn btn_to_cont m-0&quot; type=&quot;button&quot; disabled=&quot;&quot;&gt;...&lt;/button&gt; is not clickable at point (1056, 493). Other element would receive the click: &lt;div _ngcontent-wff-c7=&quot;&quot; class=&quot;action-col&quot;&gt;...&lt;/div&gt;
  (Session info: chrome=114.0.5735.199)
Build info: version: '4.10.0', revision: 'c14d967899'
System info: os.name: 'Windows 10', os.arch: 'amd64', os.version: '10.0', java.version: '11.0.16.1'
Driver info: org.openqa.selenium.chrome.ChromeDriver
Command: [4cadd2748ecabe2c3572d6fc7177ba4f, clickElement {id=FD98A2A949411CD7EF144D6C929C0C23_element_9588}]
Capabilities {acceptInsecureCerts: false, browserName: chrome, browserVersion: 114.0.5735.199, chrome: {chromedriverVersion: 114.0.5735.90 (386bc09e8f4f...}, goog:chromeOptions: {debuggerAddress: localhost:9988}, pageLoadStrategy: normal, platformName: any, proxy: Proxy(), se:cdp: ws://localhost:9988/devtool..., se:cdpVersion: 114.0.5735.199, setWindowRect: false, strictFileInteractability: false, timeouts: {implicit: 0, pageLoad: 300000, script: 30000}, unhandledPromptBehavior: dismiss and notify, webauthn:extension:credBlob: true, webauthn:extension:largeBlob: true, webauthn:extension:minPinLength: true, webauthn:extension:prf: true, webauthn:virtualAuthenticators: true}
Element: [[ChromeDriver: chrome on any (4cadd2748ecabe2c3572d6fc7177ba4f)] -&gt; xpath: //button[contains(text(),'Continue')]]
Session ID: 4cadd2748ecabe2c3572d6fc7177ba4f">
<![CDATA[org.openqa.selenium.ElementClickInterceptedException: element click intercepted: Element <button _ngcontent-wff-c7="" class="btn btn_to_cont m-0" type="button" disabled="">...</button> is not clickable at point (1056, 493). Other element would receive the click: <div _ngcontent-wff-c7="" class="action-col">...</div>
  (Session info: chrome=114.0.5735.199)
Build info: version: '4.10.0', revision: 'c14d967899'
System info: os.name: 'Windows 10', os.arch: 'amd64', os.version: '10.0', java.version: '11.0.16.1'
Driver info: org.openqa.selenium.chrome.ChromeDriver
Command: [4cadd2748ecabe2c3572d6fc7177ba4f, clickElement {id=FD98A2A949411CD7EF144D6C929C0C23_element_9588}]
Capabilities {acceptInsecureCerts: false, browserName: chrome, browserVersion: 114.0.5735.199, chrome: {chromedriverVersion: 114.0.5735.90 (386bc09e8f4f...}, goog:chromeOptions: {debuggerAddress: localhost:9988}, pageLoadStrategy: normal, platformName: any, proxy: Proxy(), se:cdp: ws://localhost:9988/devtool..., se:cdpVersion: 114.0.5735.199, setWindowRect: false, strictFileInteractability: false, timeouts: {implicit: 0, pageLoad: 300000, script: 30000}, unhandledPromptBehavior: dismiss and notify, webauthn:extension:credBlob: true, webauthn:extension:largeBlob: true, webauthn:extension:minPinLength: true, webauthn:extension:prf: true, webauthn:virtualAuthenticators: true}
Element: [[ChromeDriver: chrome on any (4cadd2748ecabe2c3572d6fc7177ba4f)] -> xpath: //button[contains(text(),'Continue')]]
Session ID: 4cadd2748ecabe2c3572d6fc7177ba4f
	at java.base/jdk.internal.reflect.NativeConstructorAccessorImpl.newInstance0(Native Method)
	at java.base/jdk.internal.reflect.NativeConstructorAccessorImpl.newInstance(NativeConstructorAccessorImpl.java:62)
	at java.base/jdk.internal.reflect.DelegatingConstructorAccessorImpl.newInstance(DelegatingConstructorAccessorImpl.java:45)
	at java.base/java.lang.reflect.Constructor.newInstance(Constructor.java:490)
	at org.openqa.selenium.remote.codec.w3c.W3CHttpResponseCodec.createException(W3CHttpResponseCodec.java:199)
	at org.openqa.selenium.remote.codec.w3c.W3CHttpResponseCodec.decode(W3CHttpResponseCodec.java:132)
	at org.openqa.selenium.remote.codec.w3c.W3CHttpResponseCodec.decode(W3CHttpResponseCodec.java:51)
	at org.openqa.selenium.remote.HttpCommandExecutor.execute(HttpCommandExecutor.java:191)
	at org.openqa.selenium.remote.service.DriverCommandExecutor.invokeExecute(DriverCommandExecutor.java:196)
	at org.openqa.selenium.remote.service.DriverCommandExecutor.execute(DriverCommandExecutor.java:171)
	at org.openqa.selenium.remote.RemoteWebDriver.execute(RemoteWebDriver.java:531)
	at org.openqa.selenium.remote.RemoteWebElement.execute(RemoteWebElement.java:242)
	at org.openqa.selenium.remote.RemoteWebElement.click(RemoteWebElement.java:77)
	at jdk.internal.reflect.GeneratedMethodAccessor69.invoke(Unknown Source)
	at java.base/jdk.internal.reflect.DelegatingMethodAccessorImpl.invoke(DelegatingMethodAccessorImpl.java:43)
	at java.base/java.lang.reflect.Method.invoke(Method.java:566)
	at org.openqa.selenium.support.pagefactory.internal.LocatingElementHandler.invoke(LocatingElementHandler.java:51)
	at com.sun.proxy.$Proxy23.click(Unknown Source)
	at stepDefinition.MedicineFlow2.click_on_get_call_from_netmeds_and_continue(MedicineFlow2.java:222)
	at ✽.Click on Get call from Netmeds and continue(file:///C:/Users/Netmeds/eclipse-workspace/Monitor/src/test/resources/M2.feature:21)
]]>
</failure>
<system-out><![CDATA[
Given Check the Browser was already logged in...............................passed
And clear the cart..........................................................passed
When click on Upload and Upload Prescription................................passed
And Click on Get call from Netmeds and continue.............................failed
Then Click on confirm and Place the Order...................................skipped
And Track the order and cancel the order....................................skipped
]]></system-out>
</testcase>
<testcase classname="Medicine Flow 2" name="Saved Prescription and Search medicine" time="248.236">
<system-out><![CDATA[
Given Check the Browser was already logged in...............................passed
When click on Upload and Saved Prescription.................................passed
And Click on search Medicine,search and Add medicine........................passed
Then Click on proceed and place the order...................................passed
And Track the order and cancel the order....................................passed
]]></system-out>
</testcase>
<testcase classname="Medicine Flow 2" name="Saved prescription and Get call from netmeds" time="116.208">
<system-out><![CDATA[
Given Check the Browser was already logged in...............................passed
When click on Upload and Saved Prescription.................................passed
And Click on Get call from Netmeds and continue.............................passed
Then Click on confirm and Place the Order...................................passed
And Track the order and cancel the order....................................passed
]]></system-out>
</testcase>
</testsuite>
